<?xml version="1.0" encoding="UTF-8"?>
<!-- Generated by org.testng.reporters.JUnitXMLReporter -->
<testsuite ignored="0" hostname="ASAD-MUMTAZ" failures="0" tests="4" name="Surefire test" time="5.563" errors="0" timestamp="2024-12-22T17:48:57 PKT">
  <testcase classname="airlineApiTests.AirlineTests" name="createPassenger" time="2.979"/>
  <testcase classname="airlineApiTests.AirlineTests" name="deletePassenger" time="0.82"/>
  <testcase classname="airlineApiTests.AirlineTests" name="getPassenger" time="0.872"/>
  <testcase classname="airlineApiTests.AirlineTests" name="updatePassenger" time="0.821"/>
</testsuite> <!-- Surefire test -->
