<?xml version="1.0" encoding="UTF-8"?>
<testng-results ignored="0" total="4" passed="4" failed="0" skipped="0">
  <reporter-output>
  </reporter-output>
  <suite started-at="2024-12-22T17:48:52 PKT" name="Surefire suite" finished-at="2024-12-22T17:48:57 PKT" duration-ms="5563">
    <groups>
    </groups>
    <test started-at="2024-12-22T17:48:52 PKT" name="Surefire test" finished-at="2024-12-22T17:48:57 PKT" duration-ms="5563">
      <class name="airlineApiTests.AirlineTests">
        <test-method signature="createPassenger()[pri:0, instance:airlineApiTests.AirlineTests@346d61be]" started-at="2024-12-22T17:48:52 PKT" name="createPassenger" finished-at="2024-12-22T17:48:55 PKT" duration-ms="2979" status="PASS">
          <reporter-output>
          </reporter-output>
        </test-method> <!-- createPassenger -->
        <test-method signature="deletePassenger()[pri:0, instance:airlineApiTests.AirlineTests@346d61be]" started-at="2024-12-22T17:48:55 PKT" name="deletePassenger" finished-at="2024-12-22T17:48:56 PKT" duration-ms="820" status="PASS">
          <reporter-output>
          </reporter-output>
        </test-method> <!-- deletePassenger -->
        <test-method signature="getPassenger()[pri:0, instance:airlineApiTests.AirlineTests@346d61be]" started-at="2024-12-22T17:48:56 PKT" name="getPassenger" finished-at="2024-12-22T17:48:57 PKT" duration-ms="872" status="PASS">
          <reporter-output>
          </reporter-output>
        </test-method> <!-- getPassenger -->
        <test-method signature="updatePassenger()[pri:0, instance:airlineApiTests.AirlineTests@346d61be]" started-at="2024-12-22T17:48:57 PKT" name="updatePassenger" finished-at="2024-12-22T17:48:57 PKT" duration-ms="821" status="PASS">
          <reporter-output>
          </reporter-output>
        </test-method> <!-- updatePassenger -->
      </class> <!-- airlineApiTests.AirlineTests -->
    </test> <!-- Surefire test -->
  </suite> <!-- Surefire suite -->
</testng-results>
