<?xml version="1.0" encoding="UTF-8"?>
<testsuite xmlns:xsi="http://www.w3.org/2001/XMLSchema-instance" xsi:noNamespaceSchemaLocation="https://maven.apache.org/surefire/maven-surefire-plugin/xsd/surefire-test-report-3.0.xsd" version="3.0" name="airlineApiTests.AirlineTests" time="6.535" tests="4" errors="0" skipped="0" failures="0">
  <properties>
[...]
</properties>
  <testcase name="createPassenger" classname="airlineApiTests.AirlineTests" time="3.02">
    <system-out><![CDATA[Request method:	POST
Request URI:	https://api.instantwebtools.net/v1/passenger
Proxy:			<none>
Request params:	<none>
Query params:	<none>
Form params:	<none>
Path params:	<none>
Headers:		Accept=*/*
				Content-Type=application/json
Cookies:		<none>
Multiparts:		<none>
Body:
{
    "name": "asad",
    "trips": 5,
    "airline": "66038402-402d-4a3f-baef-7cb5f53697a8"
}
HTTP/1.1 200 OK
Server: nginx/1.24.0 (Ubuntu)
Date: Sun, 22 Dec 2024 12:48:55 GMT
Content-Type: application/json; charset=utf-8
Content-Length: 388
Connection: keep-alive
X-Powered-By: Express
Access-Control-Allow-Origin: *
ETag: W/"184-cxndYC8dE6FVdTYu6gi5lYC6P+c"

{
    "_id": "67680ab7596c782b9a71de9f",
    "name": "asad",
    "trips": 5,
    "airline": [
        {
            "_id": "66038402-402d-4a3f-baef-7cb5f53697a8",
            "name": "Haulmer Airlines",
            "country": "Chile",
            "logo": "https://encrypted-tbn0.gstatic.com/images?q=tbn:ANd9GcR7vAC_SGHIGl8NuaJlU0k5pB2Pc7dK0NkD1A&s",
            "slogan": "Haulmer",
            "head_quaters": "Curicó, Chile",
            "website": "www.haulmer-airlines.com",
            "established": "2024",
            "__v": 0
        }
    ],
    "__v": 0
}
]]></system-out>
    <system-err><![CDATA[SLF4J: Failed to load class "org.slf4j.impl.StaticLoggerBinder".
SLF4J: Defaulting to no-operation (NOP) logger implementation
SLF4J: See http://www.slf4j.org/codes.html#StaticLoggerBinder for further details.
]]></system-err>
  </testcase>
  <testcase name="deletePassenger" classname="airlineApiTests.AirlineTests" time="0.786"/>
  <testcase name="getPassenger" classname="airlineApiTests.AirlineTests" time="0.868"/>
  <testcase name="updatePassenger" classname="airlineApiTests.AirlineTests" time="0.829">
    <system-out><![CDATA[Request method:	PATCH
Request URI:	https://api.instantwebtools.net/v1/passenger/66a4dc9c5736a9d59d80c6af
Proxy:			<none>
Request params:	<none>
Query params:	<none>
Form params:	<none>
Path params:	<none>
Headers:		Accept=*/*
				Content-Type=application/json
Cookies:		<none>
Multiparts:		<none>
Body:
{
    "name": "asad ali"
}
HTTP/1.1 200 OK
Server: nginx/1.24.0 (Ubuntu)
Date: Sun, 22 Dec 2024 12:48:57 GMT
Content-Type: application/json; charset=utf-8
Content-Length: 50
Connection: keep-alive
X-Powered-By: Express
Access-Control-Allow-Origin: *
ETag: W/"32-pu9iArdzfFBl3X2nnT22Xk3xpm0"

{
    "message": "Passenger data updated successfully."
}
]]></system-out>
  </testcase>
</testsuite>